<?xml version="1.0" encoding="UTF-8"?>
<testsuite xmlns:xsi="http://www.w3.org/2001/XMLSchema-instance" xsi:noNamespaceSchemaLocation="https://maven.apache.org/surefire/maven-surefire-plugin/xsd/surefire-test-report.xsd" name="TestSuite" time="152.693" tests="14" errors="0" skipped="0" failures="0">
  <properties>
[...]
</properties>
  <testcase name="runScenario" classname="com.tutorialsNinja.Runner_Files.TestRunner_TestNG" time="4.779"/>
  <testcase name="runScenario" classname="com.tutorialsNinja.Runner_Files.TestRunner_TestNG" time="6.006"/>
  <testcase name="runScenario" classname="com.tutorialsNinja.Runner_Files.TestRunner_TestNG" time="5.649"/>
  <testcase name="runScenario" classname="com.tutorialsNinja.Runner_Files.TestRunner_TestNG" time="6.109"/>
  <testcase name="runScenario" classname="com.tutorialsNinja.Runner_Files.TestRunner_TestNG" time="5.42"/>
  <testcase name="runScenario" classname="com.tutorialsNinja.Runner_Files.TestRunner_TestNG" time="4.742"/>
  <testcase name="runScenario" classname="com.tutorialsNinja.Runner_Files.TestRunner_TestNG" time="4.674"/>
  <testcase name="runScenario" classname="com.tutorialsNinja.Runner_Files.TestRunner_TestNG" time="6.603"/>
  <testcase name="runScenario" classname="com.tutorialsNinja.Runner_Files.TestRunner_TestNG" time="5.902"/>
  <testcase name="runScenario" classname="com.tutorialsNinja.Runner_Files.TestRunner_TestNG" time="5.657"/>
  <testcase name="runScenario" classname="com.tutorialsNinja.Runner_Files.TestRunner_TestNG" time="5.515"/>
  <testcase name="runScenario" classname="com.tutorialsNinja.Runner_Files.TestRunner_TestNG" time="5.067"/>
  <testcase name="runScenario" classname="com.tutorialsNinja.Runner_Files.TestRunner_TestNG" time="3.946"/>
  <testcase name="runScenario" classname="com.tutorialsNinja.Runner_Files.TestRunner_TestNG" time="4.5"/>
</testsuite>